[25-Oct-2023 11:40:54 UTC] Errore:  Vista non trovata : /Users/fab/Documents/Code/Progetti/GruGru/app/Core/Controller/Controller.php
[25-Oct-2023 11:41:08 UTC] PHP Fatal error:  Uncaught Error: Typed property Core\GruGru::$db must not be accessed before initialization in /Users/fab/Documents/Code/Progetti/GruGru/app/Core/Model/Model.php:9
Stack trace:
#0 /Users/fab/Documents/Code/Progetti/GruGru/app/src/controllers/Documentazione.php(35): Core\Model\Model->__construct()
#1 [internal function]: src\controllers\Documentazione->contattami(Object(Core\Http\Request), Object(Core\Http\Response))
#2 /Users/fab/Documents/Code/Progetti/GruGru/app/Core/Router.php(75): call_user_func(Array, Object(Core\Http\Request), Object(Core\Http\Response))
#3 /Users/fab/Documents/Code/Progetti/GruGru/public/index.php(30): Core\Router->risolvi()
#4 {main}
  thrown in /Users/fab/Documents/Code/Progetti/GruGru/app/Core/Model/Model.php on line 9
[25-Oct-2023 17:59:58 UTC] Errore:  Vista non trovata : /Users/fab/Documents/Code/Progetti/GruGru/app/Core/Controller/Controller.php
[25-Oct-2023 18:00:17 UTC] PHP Warning:  require_once(/Users/fab/Documents/Code/Progetti/GruGru/app/views/PaginaErrore.php): Failed to open stream: No such file or directory in /Users/fab/Documents/Code/Progetti/GruGru/app/Core/Controller/Controller.php on line 50
[25-Oct-2023 18:00:17 UTC] PHP Fatal error:  Uncaught Error: Failed opening required '/Users/fab/Documents/Code/Progetti/GruGru/app/views/PaginaErrore.php' (include_path='.:/opt/homebrew/Cellar/php/8.2.3/share/php/pear') in /Users/fab/Documents/Code/Progetti/GruGru/app/Core/Controller/Controller.php:50
Stack trace:
#0 /Users/fab/Documents/Code/Progetti/GruGru/app/Core/Controller/Controller.php(26): Core\Controller\Controller->generaVista('PaginaErrore', Array)
#1 /Users/fab/Documents/Code/Progetti/GruGru/app/src/controllers/Home.php(46): Core\Controller\Controller->view('nonesiste')
#2 [internal function]: src\controllers\Home->nonTrovato(Object(Core\Http\Request), Object(Core\Http\Response))
#3 /Users/fab/Documents/Code/Progetti/GruGru/app/Core/Router.php(75): call_user_func(Array, Object(Core\Http\Request), Object(Core\Http\Response))
#4 /Users/fab/Documents/Code/Progetti/GruGru/public/index.php(30): Core\Router->risolvi()
#5 {main}
  thrown in /Users/fab/Documents/Code/Progetti/GruGru/app/Core/Controller/Controller.php on line 50
[25-Oct-2023 18:01:14 UTC] Errore:  Vista non trovata : /Users/fab/Documents/Code/Progetti/GruGru/app/Core/Controller/Controller.php
[25-Oct-2023 18:02:25 UTC] Errore:  Vista non trovata : /Users/fab/Documents/Code/Progetti/GruGru/app/Core/Controller/Controller.php
[25-Oct-2023 18:02:26 UTC] Errore:  Vista non trovata : /Users/fab/Documents/Code/Progetti/GruGru/app/Core/Controller/Controller.php
[25-Oct-2023 18:02:54 UTC] Errore:  Vista non trovata : /Users/fab/Documents/Code/Progetti/GruGru/app/Core/Controller/Controller.php
[25-Oct-2023 18:03:02 UTC] Errore:  Vista non trovata : /Users/fab/Documents/Code/Progetti/GruGru/app/Core/Controller/Controller.php
[25-Oct-2023 18:03:03 UTC] Errore:  Vista non trovata : /Users/fab/Documents/Code/Progetti/GruGru/app/Core/Controller/Controller.php
[25-Oct-2023 18:03:25 UTC] Errore:  Vista non trovata : /Users/fab/Documents/Code/Progetti/GruGru/app/Core/Controller/Controller.php
[25-Oct-2023 18:03:25 UTC] Errore:  Vista non trovata : /Users/fab/Documents/Code/Progetti/GruGru/app/Core/Controller/Controller.php
[25-Oct-2023 18:05:15 UTC] Errore:  Vista non trovata : /Users/fab/Documents/Code/Progetti/GruGru/app/Core/Controller/Controller.php
[25-Oct-2023 18:22:10 UTC] Errore:  Vista non trovata : /Users/fab/Documents/Code/Progetti/GruGru/app/Core/Controller/Controller.php
[25-Oct-2023 18:28:44 UTC] Errore:  Vista non trovata : /Users/fab/Documents/Code/Progetti/GruGru/app/Core/Controller/Controller.php
[25-Oct-2023 18:32:36 UTC] Errore:  Vista non trovata : /Users/fab/Documents/Code/Progetti/GruGru/app/Core/Controller/Controller.php
[25-Oct-2023 18:34:32 UTC] Errore:  Vista non trovata : /Users/fab/Documents/Code/Progetti/GruGru/app/Core/Controller/Controller.php
[25-Oct-2023 18:41:33 UTC] Errore:  Vista non trovata : /Users/fab/Documents/Code/Progetti/GruGru/app/Core/Controller/Controller.php
[25-Oct-2023 19:01:10 UTC] PHP Fatal error:  Uncaught TypeError: Core\Http\enum\HttpstatusCode::from(): Argument #1 ($value) must be of type int, Core\Http\enum\HttpstatusCode given in /Users/fab/Documents/Code/Progetti/GruGru/public/index.php:33
Stack trace:
#0 /Users/fab/Documents/Code/Progetti/GruGru/public/index.php(33): Core\Http\enum\HttpstatusCode::from(Object(Core\Http\enum\HttpstatusCode))
#1 {main}
  thrown in /Users/fab/Documents/Code/Progetti/GruGru/public/index.php on line 33
[25-Oct-2023 19:04:35 UTC] PHP Fatal error:  Type of Core\Exception\RottaNonTrovata::$message must not be defined (as in class Exception) in /Users/fab/Documents/Code/Progetti/GruGru/app/Core/Exception/RottaNonTrovata.php on line 0
[25-Oct-2023 19:09:18 UTC] PHP Fatal error:  Type of Core\Exception\RottaNonTrovata::$message must not be defined (as in class Exception) in /Users/fab/Documents/Code/Progetti/GruGru/app/Core/Exception/RottaNonTrovata.php on line 0
[25-Oct-2023 19:09:21 UTC] PHP Fatal error:  Type of Core\Exception\RottaNonTrovata::$message must not be defined (as in class Exception) in /Users/fab/Documents/Code/Progetti/GruGru/app/Core/Exception/RottaNonTrovata.php on line 0
[25-Oct-2023 19:09:22 UTC] PHP Fatal error:  Type of Core\Exception\RottaNonTrovata::$message must not be defined (as in class Exception) in /Users/fab/Documents/Code/Progetti/GruGru/app/Core/Exception/RottaNonTrovata.php on line 0
[25-Oct-2023 19:11:39 UTC] PHP Fatal error:  Type of Core\Exception\RottaNonTrovata::$code must not be defined (as in class Exception) in /Users/fab/Documents/Code/Progetti/GruGru/app/Core/Exception/RottaNonTrovata.php on line 7
[25-Oct-2023 20:44:29 UTC] PHP Fatal error:  Type of Core\Exception\RottaNonTrovata::$code must not be defined (as in class Exception) in /Users/fab/Documents/Code/Progetti/GruGru/app/Core/Exception/RottaNonTrovata.php on line 0
[25-Oct-2023 20:45:46 UTC] PHP Fatal error:  Type of Core\Exception\RottaNonTrovata::$code must not be defined (as in class Exception) in /Users/fab/Documents/Code/Progetti/GruGru/app/Core/Exception/RottaNonTrovata.php on line 0
[25-Oct-2023 20:45:49 UTC] PHP Fatal error:  Type of Core\Exception\RottaNonTrovata::$code must not be defined (as in class Exception) in /Users/fab/Documents/Code/Progetti/GruGru/app/Core/Exception/RottaNonTrovata.php on line 0
[25-Oct-2023 20:46:15 UTC] PHP Fatal error:  Uncaught TypeError: Core\Http\enum\HttpstatusCode::from(): Argument #1 ($value) must be of type int, Core\Http\enum\HttpstatusCode given in /Users/fab/Documents/Code/Progetti/GruGru/public/index.php:38
Stack trace:
#0 /Users/fab/Documents/Code/Progetti/GruGru/public/index.php(38): Core\Http\enum\HttpstatusCode::from(Object(Core\Http\enum\HttpstatusCode))
#1 {main}
  thrown in /Users/fab/Documents/Code/Progetti/GruGru/public/index.php on line 38
[25-Oct-2023 20:46:40 UTC] PHP Fatal error:  Constant expression contains invalid operations in /Users/fab/Documents/Code/Progetti/GruGru/app/Core/Exception/RottaNonTrovata.php on line 10
[25-Oct-2023 21:11:18 UTC] PHP Fatal error:  Access level to Core\Exception\RottaNonTrovata::$message must be protected (as in class Exception) or weaker in /Users/fab/Documents/Code/Progetti/GruGru/app/Core/Exception/RottaNonTrovata.php on line 0
[25-Oct-2023 21:11:42 UTC] PHP Fatal error:  Uncaught TypeError: Core\Http\enum\HttpstatusCode::from(): Argument #1 ($value) must be of type int, Core\Http\enum\HttpstatusCode given in /Users/fab/Documents/Code/Progetti/GruGru/public/index.php:38
Stack trace:
#0 /Users/fab/Documents/Code/Progetti/GruGru/public/index.php(38): Core\Http\enum\HttpstatusCode::from(Object(Core\Http\enum\HttpstatusCode))
#1 {main}
  thrown in /Users/fab/Documents/Code/Progetti/GruGru/public/index.php on line 38
[25-Oct-2023 21:13:41 UTC] PHP Fatal error:  Uncaught TypeError: Core\Http\enum\HttpstatusCode::from(): Argument #1 ($value) must be of type int, Core\Http\enum\HttpstatusCode given in /Users/fab/Documents/Code/Progetti/GruGru/public/index.php:38
Stack trace:
#0 /Users/fab/Documents/Code/Progetti/GruGru/public/index.php(38): Core\Http\enum\HttpstatusCode::from(Object(Core\Http\enum\HttpstatusCode))
#1 {main}
  thrown in /Users/fab/Documents/Code/Progetti/GruGru/public/index.php on line 38
[25-Oct-2023 21:13:42 UTC] PHP Fatal error:  Uncaught TypeError: Core\Http\enum\HttpstatusCode::from(): Argument #1 ($value) must be of type int, Core\Http\enum\HttpstatusCode given in /Users/fab/Documents/Code/Progetti/GruGru/public/index.php:38
Stack trace:
#0 /Users/fab/Documents/Code/Progetti/GruGru/public/index.php(38): Core\Http\enum\HttpstatusCode::from(Object(Core\Http\enum\HttpstatusCode))
#1 {main}
  thrown in /Users/fab/Documents/Code/Progetti/GruGru/public/index.php on line 38
[25-Oct-2023 21:13:43 UTC] PHP Fatal error:  Uncaught TypeError: Core\Http\enum\HttpstatusCode::from(): Argument #1 ($value) must be of type int, Core\Http\enum\HttpstatusCode given in /Users/fab/Documents/Code/Progetti/GruGru/public/index.php:38
Stack trace:
#0 /Users/fab/Documents/Code/Progetti/GruGru/public/index.php(38): Core\Http\enum\HttpstatusCode::from(Object(Core\Http\enum\HttpstatusCode))
#1 {main}
  thrown in /Users/fab/Documents/Code/Progetti/GruGru/public/index.php on line 38
[25-Oct-2023 21:13:44 UTC] PHP Fatal error:  Uncaught TypeError: Core\Http\enum\HttpstatusCode::from(): Argument #1 ($value) must be of type int, Core\Http\enum\HttpstatusCode given in /Users/fab/Documents/Code/Progetti/GruGru/public/index.php:38
Stack trace:
#0 /Users/fab/Documents/Code/Progetti/GruGru/public/index.php(38): Core\Http\enum\HttpstatusCode::from(Object(Core\Http\enum\HttpstatusCode))
#1 {main}
  thrown in /Users/fab/Documents/Code/Progetti/GruGru/public/index.php on line 38
[25-Oct-2023 21:13:44 UTC] PHP Fatal error:  Uncaught TypeError: Core\Http\enum\HttpstatusCode::from(): Argument #1 ($value) must be of type int, Core\Http\enum\HttpstatusCode given in /Users/fab/Documents/Code/Progetti/GruGru/public/index.php:38
Stack trace:
#0 /Users/fab/Documents/Code/Progetti/GruGru/public/index.php(38): Core\Http\enum\HttpstatusCode::from(Object(Core\Http\enum\HttpstatusCode))
#1 {main}
  thrown in /Users/fab/Documents/Code/Progetti/GruGru/public/index.php on line 38
[25-Oct-2023 21:13:51 UTC] PHP Fatal error:  Uncaught TypeError: Core\Http\enum\HttpstatusCode::from(): Argument #1 ($value) must be of type int, Core\Http\enum\HttpstatusCode given in /Users/fab/Documents/Code/Progetti/GruGru/public/index.php:38
Stack trace:
#0 /Users/fab/Documents/Code/Progetti/GruGru/public/index.php(38): Core\Http\enum\HttpstatusCode::from(Object(Core\Http\enum\HttpstatusCode))
#1 {main}
  thrown in /Users/fab/Documents/Code/Progetti/GruGru/public/index.php on line 38
[25-Oct-2023 21:13:52 UTC] PHP Fatal error:  Uncaught TypeError: Core\Http\enum\HttpstatusCode::from(): Argument #1 ($value) must be of type int, Core\Http\enum\HttpstatusCode given in /Users/fab/Documents/Code/Progetti/GruGru/public/index.php:38
Stack trace:
#0 /Users/fab/Documents/Code/Progetti/GruGru/public/index.php(38): Core\Http\enum\HttpstatusCode::from(Object(Core\Http\enum\HttpstatusCode))
#1 {main}
  thrown in /Users/fab/Documents/Code/Progetti/GruGru/public/index.php on line 38
[25-Oct-2023 21:17:20 UTC] PHP Fatal error:  Uncaught Error: Call to undefined method Core\Http\enum\HttpstatusCode::NonTrovato() in /Users/fab/Documents/Code/Progetti/GruGru/app/Core/Exception/RottaNonTrovata.php:11
Stack trace:
#0 /Users/fab/Documents/Code/Progetti/GruGru/app/Core/Router.php(62): Core\Exception\RottaNonTrovata->__construct()
#1 /Users/fab/Documents/Code/Progetti/GruGru/public/index.php(35): Core\Router->risolvi()
#2 {main}
  thrown in /Users/fab/Documents/Code/Progetti/GruGru/app/Core/Exception/RottaNonTrovata.php on line 11
[25-Oct-2023 21:48:14 UTC] PHP Fatal error:  Declaration of src\models\UtenteModel::regole() must be compatible with Core\Model\Model::regole(): array in /Users/fab/Documents/Code/Progetti/GruGru/app/src/models/UtenteModel.php on line 10
[25-Oct-2023 21:53:14 UTC] PHP Parse error:  syntax error, unexpected token "}", expecting "," or ";" in /Users/fab/Documents/Code/Progetti/GruGru/app/src/controllers/Utente.php on line 14
[25-Oct-2023 21:55:52 UTC] PHP Warning:  Undefined variable $email in /Users/fab/Documents/Code/Progetti/GruGru/app/views/utente/Utente.php on line 3
[25-Oct-2023 21:56:01 UTC] PHP Warning:  Undefined variable $email in /Users/fab/Documents/Code/Progetti/GruGru/app/views/utente/Utente.php on line 3
[25-Oct-2023 22:13:48 UTC] PHP Fatal error:  Uncaught Error: Typed property Core\Database\Query::$ordine must not be accessed before initialization in /Users/fab/Documents/Code/Progetti/GruGru/app/Core/Database/Query.php:44
Stack trace:
#0 /Users/fab/Documents/Code/Progetti/GruGru/app/src/models/UtenteModel.php(26): Core\Database\Query->get()
#1 /Users/fab/Documents/Code/Progetti/GruGru/app/src/controllers/Utente.php(12): src\models\UtenteModel->mostra()
#2 [internal function]: src\controllers\Utente->index(Object(Core\Http\Request), Object(Core\Http\Response))
#3 /Users/fab/Documents/Code/Progetti/GruGru/app/Core/Router.php(75): call_user_func(Array, Object(Core\Http\Request), Object(Core\Http\Response))
#4 /Users/fab/Documents/Code/Progetti/GruGru/public/index.php(35): Core\Router->risolvi()
#5 {main}
  thrown in /Users/fab/Documents/Code/Progetti/GruGru/app/Core/Database/Query.php on line 44
[25-Oct-2023 22:20:01 UTC] PHP Fatal error:  Uncaught Error: Typed property Core\Model\Model::$db must not be accessed before initialization in /Users/fab/Documents/Code/Progetti/GruGru/app/src/models/UtenteModel.php:29
Stack trace:
#0 /Users/fab/Documents/Code/Progetti/GruGru/app/src/controllers/Utente.php(12): src\models\UtenteModel->mostra()
#1 [internal function]: src\controllers\Utente->index(Object(Core\Http\Request), Object(Core\Http\Response))
#2 /Users/fab/Documents/Code/Progetti/GruGru/app/Core/Router.php(75): call_user_func(Array, Object(Core\Http\Request), Object(Core\Http\Response))
#3 /Users/fab/Documents/Code/Progetti/GruGru/public/index.php(35): Core\Router->risolvi()
#4 {main}
  thrown in /Users/fab/Documents/Code/Progetti/GruGru/app/src/models/UtenteModel.php on line 29
[25-Oct-2023 22:23:35 UTC] PHP Fatal error:  Uncaught Error: Call to a member function fetchAll() on null in /Users/fab/Documents/Code/Progetti/GruGru/app/Core/Database/Driver/DatabaseSqlite.php:43
Stack trace:
#0 /Users/fab/Documents/Code/Progetti/GruGru/app/Core/Database/Database.php(31): Core\Database\Driver\DatabaseSqlite->resultSet()
#1 /Users/fab/Documents/Code/Progetti/GruGru/app/src/models/UtenteModel.php(32): Core\Database\Database->resultSet()
#2 /Users/fab/Documents/Code/Progetti/GruGru/app/src/controllers/Utente.php(12): src\models\UtenteModel->mostra()
#3 [internal function]: src\controllers\Utente->index(Object(Core\Http\Request), Object(Core\Http\Response))
#4 /Users/fab/Documents/Code/Progetti/GruGru/app/Core/Router.php(75): call_user_func(Array, Object(Core\Http\Request), Object(Core\Http\Response))
#5 /Users/fab/Documents/Code/Progetti/GruGru/public/index.php(35): Core\Router->risolvi()
#6 {main}
  thrown in /Users/fab/Documents/Code/Progetti/GruGru/app/Core/Database/Driver/DatabaseSqlite.php on line 43
[25-Oct-2023 22:24:56 UTC] PHP Fatal error:  Uncaught Error: Call to a member function fetchAll() on null in /Users/fab/Documents/Code/Progetti/GruGru/app/Core/Database/Driver/DatabaseSqlite.php:43
Stack trace:
#0 /Users/fab/Documents/Code/Progetti/GruGru/app/Core/Database/Database.php(31): Core\Database\Driver\DatabaseSqlite->resultSet()
#1 /Users/fab/Documents/Code/Progetti/GruGru/app/src/models/UtenteModel.php(32): Core\Database\Database->resultSet()
#2 /Users/fab/Documents/Code/Progetti/GruGru/app/src/controllers/Utente.php(12): src\models\UtenteModel->mostra()
#3 [internal function]: src\controllers\Utente->index(Object(Core\Http\Request), Object(Core\Http\Response))
#4 /Users/fab/Documents/Code/Progetti/GruGru/app/Core/Router.php(75): call_user_func(Array, Object(Core\Http\Request), Object(Core\Http\Response))
#5 /Users/fab/Documents/Code/Progetti/GruGru/public/index.php(35): Core\Router->risolvi()
#6 {main}
  thrown in /Users/fab/Documents/Code/Progetti/GruGru/app/Core/Database/Driver/DatabaseSqlite.php on line 43
[25-Oct-2023 22:25:24 UTC] PHP Fatal error:  Uncaught Error: Call to a member function fetchAll() on null in /Users/fab/Documents/Code/Progetti/GruGru/app/Core/Database/Driver/DatabaseSqlite.php:43
Stack trace:
#0 /Users/fab/Documents/Code/Progetti/GruGru/app/Core/Database/Database.php(31): Core\Database\Driver\DatabaseSqlite->resultSet()
#1 /Users/fab/Documents/Code/Progetti/GruGru/app/src/models/UtenteModel.php(32): Core\Database\Database->resultSet()
#2 /Users/fab/Documents/Code/Progetti/GruGru/app/src/controllers/Utente.php(12): src\models\UtenteModel->mostra()
#3 [internal function]: src\controllers\Utente->index(Object(Core\Http\Request), Object(Core\Http\Response))
#4 /Users/fab/Documents/Code/Progetti/GruGru/app/Core/Router.php(75): call_user_func(Array, Object(Core\Http\Request), Object(Core\Http\Response))
#5 /Users/fab/Documents/Code/Progetti/GruGru/public/index.php(35): Core\Router->risolvi()
#6 {main}
  thrown in /Users/fab/Documents/Code/Progetti/GruGru/app/Core/Database/Driver/DatabaseSqlite.php on line 43
[25-Oct-2023 22:29:19 UTC] PHP Fatal error:  Uncaught Error: Call to a member function prepare() on null in /Users/fab/Documents/Code/Progetti/GruGru/app/Core/Database/Driver/DatabaseSqlite.php:32
Stack trace:
#0 /Users/fab/Documents/Code/Progetti/GruGru/app/Core/Database/Database.php(16): Core\Database\Driver\DatabaseSqlite->query('SELECT * FROM u...')
#1 /Users/fab/Documents/Code/Progetti/GruGru/app/src/models/UtenteModel.php(30): Core\Database\Database->query('SELECT * FROM u...')
#2 /Users/fab/Documents/Code/Progetti/GruGru/app/src/controllers/Utente.php(12): src\models\UtenteModel->mostra()
#3 [internal function]: src\controllers\Utente->index(Object(Core\Http\Request), Object(Core\Http\Response))
#4 /Users/fab/Documents/Code/Progetti/GruGru/app/Core/Router.php(75): call_user_func(Array, Object(Core\Http\Request), Object(Core\Http\Response))
#5 /Users/fab/Documents/Code/Progetti/GruGru/public/index.php(35): Core\Router->risolvi()
#6 {main}
  thrown in /Users/fab/Documents/Code/Progetti/GruGru/app/Core/Database/Driver/DatabaseSqlite.php on line 32
[25-Oct-2023 22:54:46 UTC] PHP Parse error:  syntax error, unexpected token "(", expecting ";" in /Users/fab/Documents/Code/Progetti/GruGru/app/views/utente/Utente.php on line 18
[25-Oct-2023 22:54:53 UTC] PHP Warning:  Undefined property: stdClass::$id in /Users/fab/Documents/Code/Progetti/GruGru/app/views/utente/Utente.php on line 14
[25-Oct-2023 22:54:53 UTC] PHP Warning:  Undefined property: stdClass::$email in /Users/fab/Documents/Code/Progetti/GruGru/app/views/utente/Utente.php on line 15
[25-Oct-2023 22:54:53 UTC] PHP Warning:  Undefined property: stdClass::$id in /Users/fab/Documents/Code/Progetti/GruGru/app/views/utente/Utente.php on line 14
[25-Oct-2023 22:54:53 UTC] PHP Warning:  Undefined property: stdClass::$email in /Users/fab/Documents/Code/Progetti/GruGru/app/views/utente/Utente.php on line 15
[25-Oct-2023 22:54:53 UTC] PHP Warning:  Undefined property: stdClass::$id in /Users/fab/Documents/Code/Progetti/GruGru/app/views/utente/Utente.php on line 14
[25-Oct-2023 22:54:53 UTC] PHP Warning:  Undefined property: stdClass::$email in /Users/fab/Documents/Code/Progetti/GruGru/app/views/utente/Utente.php on line 15
